<?xml version="1.0" encoding="UTF-8"?>
<!-- Generated by org.testng.reporters.JUnitReportReporter -->
<testsuite skipped="0" hostname="SAURABH-DESKTOP" name="com.crm.qa.testcases.HomePageTest" tests="3" failures="0" timestamp="05 Jul 2019 03:51:51 GMT" time="74.943" errors="0">
  <testcase name="homePageTitle" time="24.509" classname="com.crm.qa.testcases.HomePageTest"/>
  <testcase name="verifyUserNameTest" time="23.731" classname="com.crm.qa.testcases.HomePageTest"/>
  <testcase name="verifyContactLinkTest" time="26.703" classname="com.crm.qa.testcases.HomePageTest"/>
</testsuite> <!-- com.crm.qa.testcases.HomePageTest -->
