<?xml version="1.0" encoding="UTF-8"?>
<!-- Generated by org.testng.reporters.JUnitReportReporter -->
<testsuite skipped="0" hostname="SAURABH-DESKTOP" name="com.crm.qa.testcases.ContactsPageTest" tests="3" failures="0" timestamp="19 Aug 2019 11:22:04 GMT" time="95.563" errors="0">
  <testcase name="validateCreatenewContact" time="29.650" classname="com.crm.qa.testcases.ContactsPageTest"/>
  <testcase name="validateCreatenewContact" time="34.815" classname="com.crm.qa.testcases.ContactsPageTest"/>
  <testcase name="validateCreatenewContact" time="31.098" classname="com.crm.qa.testcases.ContactsPageTest"/>
</testsuite> <!-- com.crm.qa.testcases.ContactsPageTest -->
