<?xml version="1.0" encoding="UTF-8"?>
<!-- Generated by org.testng.reporters.JUnitReportReporter -->
<testsuite skipped="0" hostname="SAURABH-DESKTOP" name="com.crm.qa.testcases.HomePageTest" tests="3" failures="0" timestamp="09 Sep 2019 16:26:07 GMT" time="150.409" errors="0">
  <testcase name="homePageTitle" time="43.130" classname="com.crm.qa.testcases.HomePageTest"/>
  <testcase name="verifyUserNameTest" time="52.281" classname="com.crm.qa.testcases.HomePageTest"/>
  <testcase name="verifyContactLinkTest" time="54.998" classname="com.crm.qa.testcases.HomePageTest"/>
</testsuite> <!-- com.crm.qa.testcases.HomePageTest -->
